<?xml version="1.0" encoding="UTF-8"?>
<testsuite xmlns:xsi="http://www.w3.org/2001/XMLSchema-instance" xsi:noNamespaceSchemaLocation="https://maven.apache.org/surefire/maven-surefire-plugin/xsd/surefire-test-report.xsd" name="com.example.player.PlayerControllerTests" time="12.1" tests="11" errors="0" skipped="0" failures="8">
  <properties>
[...]
</properties>
  <testcase name="testgetPlayers" classname="com.example.player.PlayerControllerTests" time="2.003">
    <failure message="No value at JSON path &quot;$[0].playerId&quot;" type="java.lang.AssertionError">java.lang.AssertionError: No value at JSON path "$[0].playerId"
	at com.example.player.PlayerControllerTests.testgetPlayers(PlayerControllerTests.java:37)
Caused by: com.jayway.jsonpath.PathNotFoundException: No results for path: $[0]['playerId']
</failure>
    <system-out><![CDATA[2023-12-08 15:56:03.443  INFO 1559 --- [           main] .b.t.a.w.s.WebMvcTestContextBootstrapper : Neither @ContextConfiguration nor @ContextHierarchy found for test class [com.example.player.PlayerControllerTests], using SpringBootContextLoader
2023-12-08 15:56:03.444  INFO 1559 --- [           main] o.s.t.c.support.AbstractContextLoader    : Could not detect default resource locations for test class [com.example.player.PlayerControllerTests]: no resource found for suffixes {-context.xml, Context.groovy}.
2023-12-08 15:56:03.444  INFO 1559 --- [           main] t.c.s.AnnotationConfigContextLoaderUtils : Could not detect default configuration classes for test class [com.example.player.PlayerControllerTests]: PlayerControllerTests does not declare any static, non-private, non-final, nested classes annotated with @Configuration.
2023-12-08 15:56:04.239  INFO 1559 --- [           main] .b.t.c.SpringBootTestContextBootstrapper : Found @SpringBootConfiguration com.example.player.PlayerApplication for test class com.example.player.PlayerControllerTests
2023-12-08 15:56:04.241  INFO 1559 --- [           main] .b.t.a.w.s.WebMvcTestContextBootstrapper : Loaded default TestExecutionListener class names from location [META-INF/spring.factories]: [org.springframework.boot.test.mock.mockito.MockitoTestExecutionListener, org.springframework.boot.test.mock.mockito.ResetMocksTestExecutionListener, org.springframework.boot.test.autoconfigure.restdocs.RestDocsTestExecutionListener, org.springframework.boot.test.autoconfigure.web.client.MockRestServiceServerResetTestExecutionListener, org.springframework.boot.test.autoconfigure.web.servlet.MockMvcPrintOnlyOnFailureTestExecutionListener, org.springframework.boot.test.autoconfigure.web.servlet.WebDriverTestExecutionListener, org.springframework.boot.test.autoconfigure.webservices.client.MockWebServiceServerTestExecutionListener, org.springframework.test.context.web.ServletTestExecutionListener, org.springframework.test.context.support.DirtiesContextBeforeModesTestExecutionListener, org.springframework.test.context.event.ApplicationEventsTestExecutionListener, org.springframework.test.context.support.DependencyInjectionTestExecutionListener, org.springframework.test.context.support.DirtiesContextTestExecutionListener, org.springframework.test.context.transaction.TransactionalTestExecutionListener, org.springframework.test.context.jdbc.SqlScriptsTestExecutionListener, org.springframework.test.context.event.EventPublishingTestExecutionListener]
2023-12-08 15:56:04.340  INFO 1559 --- [           main] .b.t.a.w.s.WebMvcTestContextBootstrapper : Using TestExecutionListeners: [org.springframework.test.context.web.ServletTestExecutionListener@1319bc2a, org.springframework.test.context.support.DirtiesContextBeforeModesTestExecutionListener@e280403, org.springframework.test.context.event.ApplicationEventsTestExecutionListener@42f85fa4, org.springframework.boot.test.mock.mockito.MockitoTestExecutionListener@798dad3d, org.springframework.boot.test.autoconfigure.SpringBootDependencyInjectionTestExecutionListener@27abb6ca, org.springframework.test.context.support.DirtiesContextTestExecutionListener@696db620, org.springframework.test.context.event.EventPublishingTestExecutionListener@6968c1d6, org.springframework.boot.test.mock.mockito.ResetMocksTestExecutionListener@7d986d83, org.springframework.boot.test.autoconfigure.restdocs.RestDocsTestExecutionListener@77f991c, org.springframework.boot.test.autoconfigure.web.client.MockRestServiceServerResetTestExecutionListener@3a7e365, org.springframework.boot.test.autoconfigure.web.servlet.MockMvcPrintOnlyOnFailureTestExecutionListener@2ceee4b6, org.springframework.boot.test.autoconfigure.web.servlet.WebDriverTestExecutionListener@12a470dd, org.springframework.boot.test.autoconfigure.webservices.client.MockWebServiceServerTestExecutionListener@6968bcec]

  .   ____          _            __ _ _
 /\\ / ___'_ __ _ _(_)_ __  __ _ \ \ \ \
( ( )\___ | '_ | '_| | '_ \/ _` | \ \ \ \
 \\/  ___)| |_)| | | | | || (_| |  ) ) ) )
  '  |____| .__|_| |_|_| |_\__, | / / / /
 =========|_|==============|___/=/_/_/_/
 :: Spring Boot ::                (v2.7.8)

2023-12-08 15:56:04.947  INFO 1559 --- [           main] c.example.player.PlayerControllerTests   : Starting PlayerControllerTests using Java 1.8.0_342 on ip-10-2-0-54.ap-south-1.compute.internal with PID 1559 (started by nxtwave in /home/nxtwave/player)
2023-12-08 15:56:04.948  INFO 1559 --- [           main] c.example.player.PlayerControllerTests   : No active profile set, falling back to 1 default profile: "default"
2023-12-08 15:56:11.836  INFO 1559 --- [           main] o.s.b.t.m.w.SpringBootMockServletContext : Initializing Spring TestDispatcherServlet ''
2023-12-08 15:56:11.836  INFO 1559 --- [           main] o.s.t.web.servlet.TestDispatcherServlet  : Initializing Servlet ''
2023-12-08 15:56:11.841  INFO 1559 --- [           main] o.s.t.web.servlet.TestDispatcherServlet  : Completed initialization in 5 ms
2023-12-08 15:56:11.947  INFO 1559 --- [           main] c.example.player.PlayerControllerTests   : Started PlayerControllerTests in 7.412 seconds (JVM running for 50.013)

MockHttpServletRequest:
      HTTP Method = GET
      Request URI = /players
       Parameters = {}
          Headers = []
             Body = null
    Session Attrs = {}

Handler:
             Type = com.example.player.PlayerController
           Method = com.example.player.PlayerController#getPlayers()

Async:
    Async started = false
     Async result = null

Resolved Exception:
             Type = null

ModelAndView:
        View name = null
             View = null
            Model = null

FlashMap:
       Attributes = null

MockHttpServletResponse:
           Status = 200
    Error message = null
          Headers = [Content-Type:"application/json"]
     Content type = application/json
             Body = [{"role":"All-rounder","jerseyNum":5,"id":1,"name":"Alexander"},{"role":"All-rounder","jerseyNum":3,"id":2,"name":"Benjamin"},{"role":"Batsman","jerseyNum":18,"id":3,"name":"Michael"},{"role":"Batsman","jerseyNum":45,"id":4,"name":"William"},{"role":"Batsman","jerseyNum":19,"id":5,"name":"Joshua"},{"role":"Bowler","jerseyNum":10,"id":6,"name":"Daniel"},{"role":"Bowler","jerseyNum":34,"id":7,"name":"Matthew"},{"role":"Batsman","jerseyNum":17,"id":8,"name":"Samuel"},{"role":"Bowler","jerseyNum":1,"id":9,"name":"John"},{"role":"All-rounder","jerseyNum":2,"id":10,"name":"Earnest"},{"role":"Batsman","jerseyNum":25,"id":11,"name":"Bob"}]
    Forwarded URL = null
   Redirected URL = null
          Cookies = []
]]></system-out>
  </testcase>
  <testcase name="testgetNotFound" classname="com.example.player.PlayerControllerTests" time="0.101"/>
  <testcase name="testgetPlayerById" classname="com.example.player.PlayerControllerTests" time="0.11">
    <failure message="No value at JSON path &quot;$.playerId&quot;" type="java.lang.AssertionError">java.lang.AssertionError: No value at JSON path "$.playerId"
	at com.example.player.PlayerControllerTests.testgetPlayerById(PlayerControllerTests.java:104)
Caused by: com.jayway.jsonpath.PathNotFoundException: No results for path: $['playerId']
</failure>
    <system-out><![CDATA[
MockHttpServletRequest:
      HTTP Method = GET
      Request URI = /players/1
       Parameters = {}
          Headers = []
             Body = null
    Session Attrs = {}

Handler:
             Type = com.example.player.PlayerController
           Method = com.example.player.PlayerController#getplayer(int)

Async:
    Async started = false
     Async result = null

Resolved Exception:
             Type = null

ModelAndView:
        View name = null
             View = null
            Model = null

FlashMap:
       Attributes = null

MockHttpServletResponse:
           Status = 200
    Error message = null
          Headers = [Content-Type:"application/json"]
     Content type = application/json
             Body = {"role":"All-rounder","jerseyNum":5,"id":1,"name":"Alexander"}
    Forwarded URL = null
   Redirected URL = null
          Cookies = []
]]></system-out>
  </testcase>
  <testcase name="testpost" classname="com.example.player.PlayerControllerTests" time="0.606">
    <failure message="No value at JSON path &quot;$.playerId&quot;" type="java.lang.AssertionError">java.lang.AssertionError: No value at JSON path "$.playerId"
	at com.example.player.PlayerControllerTests.testpost(PlayerControllerTests.java:181)
Caused by: com.jayway.jsonpath.PathNotFoundException: No results for path: $['playerId']
</failure>
    <system-out><![CDATA[
MockHttpServletRequest:
      HTTP Method = POST
      Request URI = /players
       Parameters = {}
          Headers = [Content-Type:"application/json;charset=UTF-8", Accept:"application/json", Content-Length:"56"]
             Body = {"role":"Bowler","jerseyNum":24,"id":12,"name":"Prince"}
    Session Attrs = {}

Handler:
             Type = com.example.player.PlayerController
           Method = com.example.player.PlayerController#addPlayer(Player)

Async:
    Async started = false
     Async result = null

Resolved Exception:
             Type = null

ModelAndView:
        View name = null
             View = null
            Model = null

FlashMap:
       Attributes = null

MockHttpServletResponse:
           Status = 200
    Error message = null
          Headers = [Content-Type:"application/json"]
     Content type = application/json
             Body = {"role":"Bowler","jerseyNum":24,"id":12,"name":"Prince"}
    Forwarded URL = null
   Redirected URL = null
          Cookies = []
]]></system-out>
  </testcase>
  <testcase name="testafterpost" classname="com.example.player.PlayerControllerTests" time="0.099">
    <failure message="No value at JSON path &quot;$.playerId&quot;" type="java.lang.AssertionError">java.lang.AssertionError: No value at JSON path "$.playerId"
	at com.example.player.PlayerControllerTests.testafterpost(PlayerControllerTests.java:191)
Caused by: com.jayway.jsonpath.PathNotFoundException: No results for path: $['playerId']
</failure>
    <system-out><![CDATA[
MockHttpServletRequest:
      HTTP Method = GET
      Request URI = /players/12
       Parameters = {}
          Headers = []
             Body = null
    Session Attrs = {}

Handler:
             Type = com.example.player.PlayerController
           Method = com.example.player.PlayerController#getplayer(int)

Async:
    Async started = false
     Async result = null

Resolved Exception:
             Type = null

ModelAndView:
        View name = null
             View = null
            Model = null

FlashMap:
       Attributes = null

MockHttpServletResponse:
           Status = 200
    Error message = null
          Headers = [Content-Type:"application/json"]
     Content type = application/json
             Body = {"role":"Bowler","jerseyNum":24,"id":12,"name":"Prince"}
    Forwarded URL = null
   Redirected URL = null
          Cookies = []
]]></system-out>
  </testcase>
  <testcase name="testputNotFound" classname="com.example.player.PlayerControllerTests" time="0.11">
    <failure message="Status expected:&lt;404&gt; but was:&lt;500&gt;" type="java.lang.AssertionError"><![CDATA[java.lang.AssertionError: Status expected:<404> but was:<500>
	at com.example.player.PlayerControllerTests.testputNotFound(PlayerControllerTests.java:208)
]]></failure>
    <system-out><![CDATA[2023-12-08 15:56:15.242  WARN 1559 --- [           main] .w.s.m.s.DefaultHandlerExceptionResolver : Resolved [org.springframework.web.bind.MissingPathVariableException: Required URI template variable 'playerId' for method parameter type int is not present]

MockHttpServletRequest:
      HTTP Method = PUT
      Request URI = /players/39
       Parameters = {}
          Headers = [Content-Type:"application/json;charset=UTF-8", Accept:"application/json", Content-Length:"58"]
             Body = {"role":"All-rounder","jerseyNum":12,"id":3,"name":"Yuvi"}
    Session Attrs = {}

Handler:
             Type = com.example.player.PlayerController
           Method = com.example.player.PlayerController#updatePlayer(Player, int)

Async:
    Async started = false
     Async result = null

Resolved Exception:
             Type = org.springframework.web.bind.MissingPathVariableException

ModelAndView:
        View name = null
             View = null
            Model = null

FlashMap:
       Attributes = null

MockHttpServletResponse:
           Status = 500
    Error message = Required URI template variable 'playerId' for method parameter type int is not present
          Headers = []
     Content type = null
             Body = 
    Forwarded URL = null
   Redirected URL = null
          Cookies = []
]]></system-out>
  </testcase>
  <testcase name="testput" classname="com.example.player.PlayerControllerTests" time="0.192">
    <failure message="Status expected:&lt;200&gt; but was:&lt;500&gt;" type="java.lang.AssertionError"><![CDATA[java.lang.AssertionError: Status expected:<200> but was:<500>
	at com.example.player.PlayerControllerTests.testput(PlayerControllerTests.java:222)
]]></failure>
    <system-out><![CDATA[2023-12-08 15:56:15.344  WARN 1559 --- [           main] .w.s.m.s.DefaultHandlerExceptionResolver : Resolved [org.springframework.web.bind.MissingPathVariableException: Required URI template variable 'playerId' for method parameter type int is not present]

MockHttpServletRequest:
      HTTP Method = PUT
      Request URI = /players/3
       Parameters = {}
          Headers = [Content-Type:"application/json;charset=UTF-8", Accept:"application/json", Content-Length:"58"]
             Body = {"role":"All-rounder","jerseyNum":12,"id":3,"name":"Yuvi"}
    Session Attrs = {}

Handler:
             Type = com.example.player.PlayerController
           Method = com.example.player.PlayerController#updatePlayer(Player, int)

Async:
    Async started = false
     Async result = null

Resolved Exception:
             Type = org.springframework.web.bind.MissingPathVariableException

ModelAndView:
        View name = null
             View = null
            Model = null

FlashMap:
       Attributes = null

MockHttpServletResponse:
           Status = 500
    Error message = Required URI template variable 'playerId' for method parameter type int is not present
          Headers = []
     Content type = null
             Body = 
    Forwarded URL = null
   Redirected URL = null
          Cookies = []
]]></system-out>
  </testcase>
  <testcase name="testafterput" classname="com.example.player.PlayerControllerTests" time="0.099">
    <failure message="No value at JSON path &quot;$.playerId&quot;" type="java.lang.AssertionError">java.lang.AssertionError: No value at JSON path "$.playerId"
	at com.example.player.PlayerControllerTests.testafterput(PlayerControllerTests.java:235)
Caused by: com.jayway.jsonpath.PathNotFoundException: No results for path: $['playerId']
</failure>
    <system-out><![CDATA[
MockHttpServletRequest:
      HTTP Method = GET
      Request URI = /players/3
       Parameters = {}
          Headers = []
             Body = null
    Session Attrs = {}

Handler:
             Type = com.example.player.PlayerController
           Method = com.example.player.PlayerController#getplayer(int)

Async:
    Async started = false
     Async result = null

Resolved Exception:
             Type = null

ModelAndView:
        View name = null
             View = null
            Model = null

FlashMap:
       Attributes = null

MockHttpServletResponse:
           Status = 200
    Error message = null
          Headers = [Content-Type:"application/json"]
     Content type = application/json
             Body = {"role":"Batsman","jerseyNum":18,"id":3,"name":"Michael"}
    Forwarded URL = null
   Redirected URL = null
          Cookies = []
]]></system-out>
  </testcase>
  <testcase name="testdeleteNotFound" classname="com.example.player.PlayerControllerTests" time="0.093"/>
  <testcase name="testdelete" classname="com.example.player.PlayerControllerTests" time="0.094"/>
  <testcase name="testafterdelete" classname="com.example.player.PlayerControllerTests" time="0.206">
    <failure message="No value at JSON path &quot;$[0].playerId&quot;" type="java.lang.AssertionError">java.lang.AssertionError: No value at JSON path "$[0].playerId"
	at com.example.player.PlayerControllerTests.testafterdelete(PlayerControllerTests.java:266)
Caused by: com.jayway.jsonpath.PathNotFoundException: No results for path: $[0]['playerId']
</failure>
    <system-out><![CDATA[
MockHttpServletRequest:
      HTTP Method = GET
      Request URI = /players
       Parameters = {}
          Headers = []
             Body = null
    Session Attrs = {}

Handler:
             Type = com.example.player.PlayerController
           Method = com.example.player.PlayerController#getPlayers()

Async:
    Async started = false
     Async result = null

Resolved Exception:
             Type = null

ModelAndView:
        View name = null
             View = null
            Model = null

FlashMap:
       Attributes = null

MockHttpServletResponse:
           Status = 200
    Error message = null
          Headers = [Content-Type:"application/json"]
     Content type = application/json
             Body = [{"role":"All-rounder","jerseyNum":5,"id":1,"name":"Alexander"},{"role":"All-rounder","jerseyNum":3,"id":2,"name":"Benjamin"},{"role":"Batsman","jerseyNum":18,"id":3,"name":"Michael"},{"role":"Batsman","jerseyNum":45,"id":4,"name":"William"},{"role":"Batsman","jerseyNum":19,"id":5,"name":"Joshua"},{"role":"Bowler","jerseyNum":10,"id":6,"name":"Daniel"},{"role":"Bowler","jerseyNum":34,"id":7,"name":"Matthew"},{"role":"Batsman","jerseyNum":17,"id":8,"name":"Samuel"},{"role":"Bowler","jerseyNum":1,"id":9,"name":"John"},{"role":"All-rounder","jerseyNum":2,"id":10,"name":"Earnest"},{"role":"Batsman","jerseyNum":25,"id":11,"name":"Bob"}]
    Forwarded URL = null
   Redirected URL = null
          Cookies = []
]]></system-out>
  </testcase>
</testsuite>